Server listening  on localhost:5005
ra logging in.
123 == ra
ra failed logging in.
ra2 logging in.
ra2 == ra2
ra2 logged in.
{
  c29f0a09655edc2e83df64734e7b7b4317f3bf21ee8544e0378c0c9866b71ac8: { username: 'ra2', room: 'g' }
}
 > User connected
 > User disconnected
{
  c29f0a09655edc2e83df64734e7b7b4317f3bf21ee8544e0378c0c9866b71ac8: { username: 'ra2', room: 'g' }
}
 > User connected
 > User disconnected
{
  c29f0a09655edc2e83df64734e7b7b4317f3bf21ee8544e0378c0c9866b71ac8: { username: 'ra2', room: 'g' }
}
 > User connected
 > User disconnected
{
  c29f0a09655edc2e83df64734e7b7b4317f3bf21ee8544e0378c0c9866b71ac8: { username: 'ra2', room: 'g' }
}
 > User connected
 > User disconnected
ra logging in.
RA == ra
ra failed logging in.
ra logging in.
ra == ra
ra logged in.
{
  c5863302bd7cfb6ea0a3ab04243a91b9fa93ad2d4507483735bef9676c5ea4f9: { username: 'ra', room: 'g' }
}
 > User connected
ra sent "asdfasdafsdf" to g
ra sent "works" to g
ra sent "cool" to g
 > User disconnected
{
  c5863302bd7cfb6ea0a3ab04243a91b9fa93ad2d4507483735bef9676c5ea4f9: { username: 'ra', room: 'g' }
}
 > User connected
